<?xml version="1.0" encoding="UTF-8"?>
<testsuite xmlns:xsi="http://www.w3.org/2001/XMLSchema-instance" xsi:noNamespaceSchemaLocation="https://maven.apache.org/surefire/maven-surefire-plugin/xsd/surefire-test-report-3.0.xsd" version="3.0" name="com.vbank.presentation.DashboardControllerTest" time="1.298" tests="2" errors="2" skipped="0" failures="0">
  <properties>
[...]
</properties>
  <testcase name="loadDataForChild_showsTasks" classname="com.vbank.presentation.DashboardControllerTest" time="0.954">
    <error message="createdAt" type="java.lang.NullPointerException"><![CDATA[java.lang.NullPointerException: createdAt
	at java.base/java.util.Objects.requireNonNull(Objects.java:259)
	at com.vbank.domain.model.Task.<init>(Task.java:48)
	at com.vbank.presentation.DashboardControllerTest.loadDataForChild_showsTasks(DashboardControllerTest.java:63)
	at java.base/java.lang.reflect.Method.invoke(Method.java:580)
	at java.base/java.util.ArrayList.forEach(ArrayList.java:1596)
	at java.base/java.util.ArrayList.forEach(ArrayList.java:1596)
]]></error>
    <system-err><![CDATA[мар. 03, 2026 8:41:46 PM com.sun.javafx.application.PlatformImpl startup
WARNING: Unsupported JavaFX configuration: classes were loaded from 'unnamed module @1e7c7811'
WARNING: A Java agent has been loaded dynamically (C:\Users\Hi\.m2\repository\net\bytebuddy\byte-buddy-agent\1.14.6\byte-buddy-agent-1.14.6.jar)
WARNING: If a serviceability tool is in use, please run with -XX:+EnableDynamicAgentLoading to hide this warning
WARNING: If a serviceability tool is not in use, please run with -Djdk.instrument.traceUsage for more information
WARNING: Dynamic loading of agents will be disallowed by default in a future release
]]></system-err>
  </testcase>
  <testcase name="loadChildren_populatesList" classname="com.vbank.presentation.DashboardControllerTest" time="0.005">
    <error message="createdAt" type="java.lang.NullPointerException"><![CDATA[java.lang.NullPointerException: createdAt
	at java.base/java.util.Objects.requireNonNull(Objects.java:259)
	at com.vbank.domain.model.User.<init>(User.java:42)
	at com.vbank.presentation.DashboardControllerTest.loadChildren_populatesList(DashboardControllerTest.java:48)
	at java.base/java.lang.reflect.Method.invoke(Method.java:580)
	at java.base/java.util.ArrayList.forEach(ArrayList.java:1596)
	at java.base/java.util.ArrayList.forEach(ArrayList.java:1596)
]]></error>
  </testcase>
</testsuite>