<?xml version="1.0" encoding="UTF-8"?>
<testsuite xmlns:xsi="http://www.w3.org/2001/XMLSchema-instance" xsi:noNamespaceSchemaLocation="https://maven.apache.org/surefire/maven-surefire-plugin/xsd/surefire-test-report-3.0.xsd" version="3.0" name="com.vbank.application.service.TaskServiceTest" time="0.28" tests="2" errors="0" skipped="0" failures="0">
  <properties>
[...]
</properties>
  <testcase name="approveTask_failsOnWrongParentOrPin" classname="com.vbank.application.service.TaskServiceTest" time="0.149"/>
  <testcase name="approveTask_happyPath" classname="com.vbank.application.service.TaskServiceTest" time="0.13"/>
</testsuite>